<?xml version="1.0" encoding="UTF-8"?>
<!-- Generated by org.testng.reporters.JUnitReportReporter -->
<testsuite hostname="system11" name="driverFactory.NewTest" tests="1" failures="0" timestamp="20 Jan 2020 02:51:48 GMT" time="120.158" errors="0">
  <testcase name="f" time="120.158" classname="driverFactory.NewTest"/>
</testsuite> <!-- driverFactory.NewTest -->
